npm verbose cli /usr/local/Cellar/node/25.4.0/bin/node /usr/local/bin/npm
npm info using npm@11.7.0
npm info using node@v25.4.0
npm verbose title npm install
npm verbose argv "install" "--cache" "/tmp/npm_cache_fresh" "--loglevel" "verbose"
npm verbose logfile logs-max:10 dir:/tmp/npm_cache_fresh/_logs/2026-02-18T23_48_38_869Z-
npm verbose logfile /tmp/npm_cache_fresh/_logs/2026-02-18T23_48_38_869Z-debug-0.log
npm http cache https://registry.npmjs.org/firebase 997ms (cache hit)
npm http cache https://registry.npmjs.org/lucide-react 74ms (cache hit)
npm http cache https://registry.npmjs.org/react 98ms (cache hit)
npm http cache https://registry.npmjs.org/react-dom 76ms (cache hit)
npm http cache https://registry.npmjs.org/@types%2freact 190ms (cache hit)
npm http cache https://registry.npmjs.org/@types%2freact-dom 20ms (cache hit)
npm http cache https://registry.npmjs.org/@vitejs%2fplugin-react 38ms (cache hit)
npm http cache https://registry.npmjs.org/vite 1051ms (cache hit)
npm http cache https://registry.npmjs.org/@types%2fnode 582ms (cache hit)
npm http cache https://registry.npmjs.org/less 68ms (cache hit)
npm http cache https://registry.npmjs.org/lightningcss 24ms (cache hit)
npm http cache https://registry.npmjs.org/sass 98ms (cache hit)
npm http cache https://registry.npmjs.org/sass-embedded 12ms (cache hit)
npm http cache https://registry.npmjs.org/stylus 15ms (cache hit)
npm http cache https://registry.npmjs.org/sugarss 29ms (cache hit)
npm http cache https://registry.npmjs.org/postcss 17ms (cache hit)
npm http cache https://registry.npmjs.org/terser 25ms (cache hit)
npm http cache https://registry.npmjs.org/autoprefixer 25ms (cache hit)
npm http cache https://registry.npmjs.org/tailwindcss 192ms (cache hit)
npm http cache https://registry.npmjs.org/csstype 80ms (cache hit)
npm http cache https://registry.npmjs.org/@types%2fprop-types 93ms (cache hit)
npm http cache https://registry.npmjs.org/@babel%2fcore 99ms (cache hit)
npm http cache https://registry.npmjs.org/@rolldown%2fpluginutils 20ms (cache hit)
npm http cache https://registry.npmjs.org/@types%2fbabel__core 209ms (cache hit)
npm http cache https://registry.npmjs.org/react-refresh 292ms (cache hit)
npm http cache https://registry.npmjs.org/@babel%2fplugin-transform-react-jsx-self 778ms (cache hit)
npm http cache https://registry.npmjs.org/@babel%2fplugin-transform-react-jsx-source 792ms (cache hit)
npm http cache https://registry.npmjs.org/rollup 125ms (cache hit)
npm http cache https://registry.npmjs.org/fsevents 516ms (cache hit)
npm http cache https://registry.npmjs.org/browserslist 32ms (cache hit)
npm http cache https://registry.npmjs.org/esbuild 680ms (cache hit)
npm http cache https://registry.npmjs.org/caniuse-lite 429ms (cache hit)
npm http cache https://registry.npmjs.org/picocolors 228ms (cache hit)
npm http cache https://registry.npmjs.org/fraction.js 455ms (cache hit)
npm http cache https://registry.npmjs.org/postcss-value-parser 90ms (cache hit)
npm http cache https://registry.npmjs.org/source-map-js 50ms (cache hit)
npm http cache https://registry.npmjs.org/nanoid 110ms (cache hit)
npm http cache https://registry.npmjs.org/@firebase%2fai 104ms (cache hit)
npm http cache https://registry.npmjs.org/@firebase%2fauth 522ms (cache hit)
npm http cache https://registry.npmjs.org/@firebase%2fapp 4034ms (cache hit)
npm http cache https://registry.npmjs.org/@firebase%2futil 6181ms (cache hit)
npm http cache https://registry.npmjs.org/@firebase%2fstorage 4784ms (cache hit)
npm http cache https://registry.npmjs.org/@firebase%2fdatabase 3233ms (cache hit)
npm http cache https://registry.npmjs.org/@firebase%2fapp-types 308ms (cache hit)
npm http cache https://registry.npmjs.org/@firebase%2fapp-check 2247ms (cache hit)
npm http cache https://registry.npmjs.org/@firebase%2fanalytics 3939ms (cache hit)
npm http cache https://registry.npmjs.org/@firebase%2fmessaging 534ms (cache hit)
npm http cache https://registry.npmjs.org/@firebase%2ffunctions 2315ms (cache hit)
npm http cache https://registry.npmjs.org/@firebase%2ffirestore 4696ms (cache hit)
npm http cache https://registry.npmjs.org/@firebase%2fauth-compat 3020ms (cache hit)
npm http cache https://registry.npmjs.org/@firebase%2fapp-compat 4805ms (cache hit)
npm http cache https://registry.npmjs.org/@firebase%2fperformance 1527ms (cache hit)
npm http cache https://registry.npmjs.org/@firebase%2finstallations 1319ms (cache hit)
npm http cache https://registry.npmjs.org/@firebase%2fdata-connect 2729ms (cache hit)
npm http cache https://registry.npmjs.org/@firebase%2fremote-config 1608ms (cache hit)
npm http cache https://registry.npmjs.org/@firebase%2fdatabase-compat 1643ms (cache hit)
npm http cache https://registry.npmjs.org/@firebase%2fstorage-compat 2487ms (cache hit)
npm http cache https://registry.npmjs.org/@firebase%2fanalytics-compat 1426ms (cache hit)
npm http cache https://registry.npmjs.org/@firebase%2fapp-check-compat 1041ms (cache hit)
npm http cache https://registry.npmjs.org/@firebase%2ffunctions-compat 603ms (cache hit)
npm http cache https://registry.npmjs.org/@firebase%2ffirestore-compat 1673ms (cache hit)
npm http cache https://registry.npmjs.org/@firebase%2fmessaging-compat 1288ms (cache hit)
npm http cache https://registry.npmjs.org/@firebase%2fperformance-compat 1214ms (cache hit)
npm http cache https://registry.npmjs.org/@firebase%2finstallations-compat 1235ms (cache hit)
npm http cache https://registry.npmjs.org/loose-envify 636ms (cache hit)
npm http cache https://registry.npmjs.org/@firebase%2fremote-config-compat 1329ms (cache hit)
npm http cache https://registry.npmjs.org/scheduler 1912ms (cache hit)
npm http cache https://registry.npmjs.org/arg 2442ms (cache hit)
npm http cache https://registry.npmjs.org/dlv 1098ms (cache hit)
npm http cache https://registry.npmjs.org/jiti 50ms (cache hit)
npm http cache https://registry.npmjs.org/is-glob 551ms (cache hit)
npm http cache https://registry.npmjs.org/resolve 559ms (cache hit)
npm http cache https://registry.npmjs.org/sucrase 68ms (cache hit)
npm http cache https://registry.npmjs.org/chokidar 306ms (cache hit)
npm http cache https://registry.npmjs.org/fast-glob 307ms (cache hit)
npm http cache https://registry.npmjs.org/lilconfig 81ms (cache hit)
npm http cache https://registry.npmjs.org/didyoumean 171ms (cache hit)
npm http cache https://registry.npmjs.org/micromatch 171ms (cache hit)
npm http cache https://registry.npmjs.org/postcss-js 195ms (cache hit)
npm http cache https://registry.npmjs.org/glob-parent 65ms (cache hit)
npm http cache https://registry.npmjs.org/object-hash 52ms (cache hit)
npm http cache https://registry.npmjs.org/normalize-path 40ms (cache hit)
npm http cache https://registry.npmjs.org/postcss-import 273ms (cache hit)
npm http cache https://registry.npmjs.org/postcss-nested 288ms (cache hit)
npm http cache https://registry.npmjs.org/@alloc%2fquick-lru 262ms (cache hit)
npm http cache https://registry.npmjs.org/postcss-load-config 75ms (cache hit)
npm http cache https://registry.npmjs.org/postcss-selector-parser 33ms (cache hit)
npm http cache https://registry.npmjs.org/semver 22ms (cache hit)
npm http cache https://registry.npmjs.org/json5 40ms (cache hit)
npm http cache https://registry.npmjs.org/debug 52ms (cache hit)
npm http cache https://registry.npmjs.org/gensync 41ms (cache hit)
npm http cache https://registry.npmjs.org/@babel%2ftypes 41ms (cache hit)
npm http cache https://registry.npmjs.org/@babel%2fparser 324ms (cache hit)
npm http cache https://registry.npmjs.org/@babel%2fhelpers 502ms (cache hit)
npm http cache https://registry.npmjs.org/@babel%2ftemplate 262ms (cache hit)
npm http cache https://registry.npmjs.org/@babel%2ftraverse 66ms (cache hit)
npm http cache https://registry.npmjs.org/@babel%2fgenerator 217ms (cache hit)
npm http cache https://registry.npmjs.org/@babel%2fcode-frame 226ms (cache hit)
npm http cache https://registry.npmjs.org/convert-source-map 158ms (cache hit)
npm http cache https://registry.npmjs.org/@jridgewell%2fremapping 38ms (cache hit)
npm http cache https://registry.npmjs.org/@babel%2fhelper-module-transforms 31ms (cache hit)
npm http cache https://registry.npmjs.org/@babel%2fhelper-compilation-targets 85ms (cache hit)
npm http cache https://registry.npmjs.org/@babel%2fhelper-plugin-utils 122ms (cache hit)
npm http cache https://registry.npmjs.org/@babel%2fhelper-plugin-utils 159ms (cache hit)
npm http cache https://registry.npmjs.org/@types%2fbabel__template 102ms (cache hit)
npm http cache https://registry.npmjs.org/@types%2fbabel__traverse 29ms (cache hit)
npm http cache https://registry.npmjs.org/@types%2fbabel__generator 20ms (cache hit)
npm http cache https://registry.npmjs.org/js-tokens 17ms (cache hit)
npm http cache https://registry.npmjs.org/@babel%2fhelper-validator-identifier 22ms (cache hit)
npm http cache https://registry.npmjs.org/jsesc 81ms (cache hit)
npm http cache https://registry.npmjs.org/@jridgewell%2fgen-mapping 184ms (cache hit)
npm http cache https://registry.npmjs.org/@jridgewell%2ftrace-mapping 141ms (cache hit)
npm http cache https://registry.npmjs.org/lru-cache 59ms (cache hit)
npm http cache https://registry.npmjs.org/@babel%2fhelper-module-imports 64ms (cache hit)
npm http cache https://registry.npmjs.org/@babel%2fcompat-data 109ms (cache hit)
npm http cache https://registry.npmjs.org/@babel%2fhelper-validator-option 284ms (cache hit)
npm http cache https://registry.npmjs.org/@babel%2fhelper-globals 248ms (cache hit)
npm http cache https://registry.npmjs.org/ms 57ms (cache hit)
npm http cache https://registry.npmjs.org/@babel%2fhelper-string-parser 173ms (cache hit)
npm http cache https://registry.npmjs.org/@jridgewell%2fresolve-uri 17ms (cache hit)
npm http cache https://registry.npmjs.org/@jridgewell%2fsourcemap-codec 25ms (cache hit)
npm http cache https://registry.npmjs.org/@jridgewell%2fsourcemap-codec 34ms (cache hit)
npm http cache https://registry.npmjs.org/baseline-browser-mapping 115ms (cache hit)
npm http cache https://registry.npmjs.org/caniuse-lite 162ms (cache hit)
npm http cache https://registry.npmjs.org/electron-to-chromium 507ms (cache hit)
npm http cache https://registry.npmjs.org/node-releases 900ms (cache hit)
npm http cache https://registry.npmjs.org/update-browserslist-db 792ms (cache hit)
npm http cache https://registry.npmjs.org/yallist 265ms (cache hit)
npm http cache https://registry.npmjs.org/escalade 20ms (cache hit)
npm http cache https://registry.npmjs.org/@react-native-async-storage%2fasync-storage 14ms (cache hit)
npm http cache https://registry.npmjs.org/react-native 488ms (cache hit)
npm http cache https://registry.npmjs.org/@types%2freact 137ms (cache hit)
npm http cache https://registry.npmjs.org/react 204ms (cache hit)
npm http cache https://registry.npmjs.org/tslib 24ms (cache hit)
npm http cache https://registry.npmjs.org/@firebase%2flogger 198ms (cache hit)
npm http cache https://registry.npmjs.org/@firebase%2fcomponent 3088ms (cache hit)
npm http cache https://registry.npmjs.org/@firebase%2fapp-check-interop-types 4136ms (cache hit)
npm http cache https://registry.npmjs.org/idb 1865ms (cache hit)
npm http cache https://registry.npmjs.org/@firebase%2fanalytics-types 1035ms (cache hit)
npm http cache https://registry.npmjs.org/@firebase%2fapp-check-types 1897ms (cache hit)
npm http cache https://registry.npmjs.org/@firebase%2fauth-types 3094ms (cache hit)
npm http cache https://registry.npmjs.org/@firebase%2fauth-interop-types 3079ms (cache hit)
npm http cache https://registry.npmjs.org/faye-websocket 2685ms (cache hit)
npm http cache https://registry.npmjs.org/@firebase%2fauth-interop-types 1454ms (cache hit)
npm http cache https://registry.npmjs.org/@firebase%2fdatabase-types 1458ms (cache hit)
npm http cache https://registry.npmjs.org/@grpc%2fgrpc-js 3079ms (cache hit)
npm http cache https://registry.npmjs.org/@grpc%2fproto-loader 2332ms (cache hit)
npm http cache https://registry.npmjs.org/@firebase%2fwebchannel-wrapper 955ms (cache hit)
npm http cache https://registry.npmjs.org/@firebase%2ffirestore-types 3915ms (cache hit)
npm http cache https://registry.npmjs.org/@firebase%2fmessaging-interop-types 4596ms (cache hit)
npm http cache https://registry.npmjs.org/@firebase%2ffunctions-types 3143ms (cache hit)
npm http cache https://registry.npmjs.org/web-vitals 1712ms (cache hit)
npm http cache https://registry.npmjs.org/@firebase%2finstallations-types 3101ms (cache hit)
npm http cache https://registry.npmjs.org/@firebase%2fperformance-types 1745ms (cache hit)
npm http cache https://registry.npmjs.org/@firebase%2fremote-config-types 2562ms (cache hit)
npm http cache https://registry.npmjs.org/@firebase%2fstorage-types 2717ms (cache hit)
npm http cache https://registry.npmjs.org/@firebase%2fapp 605ms (cache hit)
npm http cache https://registry.npmjs.org/@firebase%2fapp-types 518ms (cache hit)
npm http cache https://registry.npmjs.org/websocket-driver 29ms (cache hit)
npm http cache https://registry.npmjs.org/long 12ms (cache hit)
npm http cache https://registry.npmjs.org/yargs 21ms (cache hit)
npm http cache https://registry.npmjs.org/@types%2fnode 893ms (cache hit)
npm http cache https://registry.npmjs.org/lodash.camelcase 3099ms (cache hit)
npm http cache https://registry.npmjs.org/protobufjs 3582ms (cache hit)
npm http cache https://registry.npmjs.org/undici-types 12ms (cache hit)
npm http cache https://registry.npmjs.org/@protobufjs%2fpath 165ms (cache hit)
npm http cache https://registry.npmjs.org/@protobufjs%2fpool 169ms (cache hit)
npm http cache https://registry.npmjs.org/@protobufjs%2futf8 88ms (cache hit)
npm http cache https://registry.npmjs.org/@protobufjs%2ffetch 179ms (cache hit)
npm http cache https://registry.npmjs.org/@protobufjs%2fbase64 127ms (cache hit)
npm http cache https://registry.npmjs.org/@protobufjs%2ffloat 163ms (cache hit)
npm http cache https://registry.npmjs.org/@protobufjs%2finquire 19ms (cache hit)
npm http cache https://registry.npmjs.org/@protobufjs%2fcodegen 54ms (cache hit)
npm http cache https://registry.npmjs.org/@protobufjs%2faspromise 290ms (cache hit)
npm http cache https://registry.npmjs.org/y18n 33ms (cache hit)
npm http cache https://registry.npmjs.org/@protobufjs%2feventemitter 309ms (cache hit)
npm http cache https://registry.npmjs.org/cliui 23ms (cache hit)
npm http cache https://registry.npmjs.org/string-width 22ms (cache hit)
npm http cache https://registry.npmjs.org/get-caller-file 204ms (cache hit)
npm http cache https://registry.npmjs.org/yargs-parser 225ms (cache hit)
npm http cache https://registry.npmjs.org/require-directory 441ms (cache hit)
npm http cache https://registry.npmjs.org/websocket-extensions 48ms (cache hit)
npm http cache https://registry.npmjs.org/http-parser-js 60ms (cache hit)
npm http cache https://registry.npmjs.org/safe-buffer 164ms (cache hit)
npm http cache https://registry.npmjs.org/tsx 299ms (cache hit)
npm http cache https://registry.npmjs.org/yaml 75ms (cache hit)
npm http cache https://registry.npmjs.org/braces 31ms (cache hit)
npm http cache https://registry.npmjs.org/anymatch 38ms (cache hit)
npm http cache https://registry.npmjs.org/readdirp 208ms (cache hit)
npm http cache https://registry.npmjs.org/@nodelib%2ffs.stat 276ms (cache hit)
npm http cache https://registry.npmjs.org/@nodelib%2ffs.walk 200ms (cache hit)
npm http cache https://registry.npmjs.org/is-binary-path 460ms (cache hit)
npm http cache https://registry.npmjs.org/is-extglob 16ms (cache hit)
npm http cache https://registry.npmjs.org/picomatch 18ms (cache hit)
npm http cache https://registry.npmjs.org/merge2 38ms (cache hit)
npm http cache https://registry.npmjs.org/camelcase-css 698ms (cache hit)
npm http cache https://registry.npmjs.org/cssesc 333ms (cache hit)
npm http cache https://registry.npmjs.org/read-cache 854ms (cache hit)
npm http cache https://registry.npmjs.org/util-deprecate 21ms (cache hit)
npm http cache https://registry.npmjs.org/path-parse 15ms (cache hit)
npm http cache https://registry.npmjs.org/is-core-module 19ms (cache hit)
npm http cache https://registry.npmjs.org/supports-preserve-symlinks-flag 18ms (cache hit)
npm http cache https://registry.npmjs.org/commander 19ms (cache hit)
npm http cache https://registry.npmjs.org/lines-and-columns 394ms (cache hit)
npm http cache https://registry.npmjs.org/mz 402ms (cache hit)
npm http cache https://registry.npmjs.org/pirates 389ms (cache hit)
npm http cache https://registry.npmjs.org/tinyglobby 245ms (cache hit)
npm http cache https://registry.npmjs.org/ts-interface-checker 266ms (cache hit)
npm http cache https://registry.npmjs.org/fill-range 170ms (cache hit)
npm http cache https://registry.npmjs.org/binary-extensions 173ms (cache hit)
npm http cache https://registry.npmjs.org/to-regex-range 144ms (cache hit)
npm http cache https://registry.npmjs.org/fastq 10ms (cache hit)
npm http cache https://registry.npmjs.org/@nodelib%2ffs.scandir 17ms (cache hit)
npm http cache https://registry.npmjs.org/reusify 9ms (cache hit)
npm http cache https://registry.npmjs.org/run-parallel 325ms (cache hit)
npm http cache https://registry.npmjs.org/queue-microtask 8ms (cache hit)
npm http cache https://registry.npmjs.org/is-number 8ms (cache hit)
npm http cache https://registry.npmjs.org/pify 18ms (cache hit)
npm http cache https://registry.npmjs.org/hasown 9ms (cache hit)
npm http cache https://registry.npmjs.org/function-bind 10ms (cache hit)
npm http cache https://registry.npmjs.org/thenify-all 126ms (cache hit)
npm http cache https://registry.npmjs.org/object-assign 212ms (cache hit)
npm http cache https://registry.npmjs.org/any-promise 227ms (cache hit)
npm http cache https://registry.npmjs.org/fdir 143ms (cache hit)
npm http cache https://registry.npmjs.org/thenify 19ms (cache hit)
npm http cache https://registry.npmjs.org/@esbuild%2faix-ppc64 13ms (cache hit)
npm http cache https://registry.npmjs.org/@esbuild%2flinux-arm 18ms (cache hit)
npm http cache https://registry.npmjs.org/@esbuild%2flinux-x64 333ms (cache hit)
npm http cache https://registry.npmjs.org/@esbuild%2fsunos-x64 539ms (cache hit)
npm http cache https://registry.npmjs.org/@esbuild%2fwin32-x64 359ms (cache hit)
npm http cache https://registry.npmjs.org/@esbuild%2fdarwin-x64 342ms (cache hit)
npm http cache https://registry.npmjs.org/@esbuild%2fnetbsd-x64 167ms (cache hit)
npm http cache https://registry.npmjs.org/@esbuild%2flinux-ia32 198ms (cache hit)
npm http cache https://registry.npmjs.org/@esbuild%2fwin32-ia32 53ms (cache hit)
npm http cache https://registry.npmjs.org/@esbuild%2fandroid-x64 376ms (cache hit)
npm http cache https://registry.npmjs.org/@esbuild%2fandroid-arm 407ms (cache hit)
npm http cache https://registry.npmjs.org/@esbuild%2ffreebsd-x64 366ms (cache hit)
npm http cache https://registry.npmjs.org/@esbuild%2flinux-arm64 341ms (cache hit)
npm http cache https://registry.npmjs.org/@esbuild%2flinux-s390x 25ms (cache hit)
npm http cache https://registry.npmjs.org/@esbuild%2flinux-ppc64 298ms (cache hit)
npm http cache https://registry.npmjs.org/@esbuild%2fopenbsd-x64 464ms (cache hit)
npm http cache https://registry.npmjs.org/@esbuild%2fwin32-arm64 207ms (cache hit)
npm http cache https://registry.npmjs.org/@esbuild%2fdarwin-arm64 194ms (cache hit)
npm http cache https://registry.npmjs.org/@esbuild%2ffreebsd-arm64 284ms (cache hit)
npm http cache https://registry.npmjs.org/@esbuild%2fandroid-arm64 506ms (cache hit)
npm http cache https://registry.npmjs.org/@esbuild%2flinux-loong64 493ms (cache hit)
npm http cache https://registry.npmjs.org/@esbuild%2flinux-riscv64 52ms (cache hit)
npm http cache https://registry.npmjs.org/@esbuild%2flinux-mips64el 233ms (cache hit)
npm http cache https://registry.npmjs.org/@types%2festree 229ms (cache hit)
npm http cache https://registry.npmjs.org/@rollup%2frollup-darwin-arm64 26ms (cache hit)
npm http cache https://registry.npmjs.org/@rollup%2frollup-android-arm64 228ms (cache hit)
npm http cache https://registry.npmjs.org/@rollup%2frollup-win32-arm64-msvc 367ms (cache hit)
npm http cache https://registry.npmjs.org/@rollup%2frollup-freebsd-arm64 387ms (cache hit)
npm http cache https://registry.npmjs.org/@rollup%2frollup-linux-arm64-gnu 398ms (cache hit)
npm http cache https://registry.npmjs.org/@rollup%2frollup-linux-arm64-musl 284ms (cache hit)
npm http cache https://registry.npmjs.org/@rollup%2frollup-android-arm-eabi 363ms (cache hit)
npm http cache https://registry.npmjs.org/@rollup%2frollup-linux-arm-gnueabihf 359ms (cache hit)
npm http cache https://registry.npmjs.org/@rollup%2frollup-linux-arm-musleabihf 619ms (cache hit)
npm http cache https://registry.npmjs.org/@rollup%2frollup-linux-loong64-gnu 378ms (cache hit)
npm http cache https://registry.npmjs.org/@rollup%2frollup-win32-ia32-msvc 640ms (cache hit)
npm http cache https://registry.npmjs.org/@rollup%2frollup-linux-loong64-musl 471ms (cache hit)
npm http cache https://registry.npmjs.org/@rollup%2frollup-linux-riscv64-musl 14ms (cache hit)
npm http cache https://registry.npmjs.org/@rollup%2frollup-linux-riscv64-gnu 259ms (cache hit)
npm http cache https://registry.npmjs.org/@rollup%2frollup-linux-ppc64-gnu 204ms (cache hit)
npm http cache https://registry.npmjs.org/@rollup%2frollup-linux-ppc64-musl 211ms (cache hit)
npm http cache https://registry.npmjs.org/@rollup%2frollup-linux-s390x-gnu 32ms (cache hit)
npm http cache https://registry.npmjs.org/@rollup%2frollup-darwin-x64 360ms (cache hit)
npm http cache https://registry.npmjs.org/@rollup%2frollup-win32-x64-gnu 372ms (cache hit)
npm http cache https://registry.npmjs.org/@rollup%2frollup-win32-x64-msvc 44ms (cache hit)
npm http cache https://registry.npmjs.org/@rollup%2frollup-freebsd-x64 247ms (cache hit)
npm http cache https://registry.npmjs.org/@rollup%2frollup-linux-x64-gnu 452ms (cache hit)
npm http cache https://registry.npmjs.org/@rollup%2frollup-linux-x64-musl 249ms (cache hit)
npm http cache https://registry.npmjs.org/@rollup%2frollup-openbsd-x64 247ms (cache hit)
npm http cache https://registry.npmjs.org/@rollup%2frollup-openharmony-arm64 45ms (cache hit)
npm http cache https://registry.npmjs.org/strip-ansi 14ms (cache hit)
npm http cache https://registry.npmjs.org/wrap-ansi 22ms (cache hit)
npm http cache https://registry.npmjs.org/strip-ansi 221ms (cache hit)
npm http cache https://registry.npmjs.org/emoji-regex 221ms (cache hit)
npm http cache https://registry.npmjs.org/is-fullwidth-code-point 34ms (cache hit)
npm http cache https://registry.npmjs.org/ansi-styles 10ms (cache hit)
npm http cache https://registry.npmjs.org/ansi-regex 17ms (cache hit)
npm http cache https://registry.npmjs.org/color-convert 12ms (cache hit)
npm http cache https://registry.npmjs.org/color-name 15ms (cache hit)
npm http cache emoji-regex@https://registry.npmjs.org/emoji-regex/-/emoji-regex-8.0.0.tgz 0ms (cache hit)
npm http cache y18n@https://registry.npmjs.org/y18n/-/y18n-5.0.8.tgz 1ms (cache hit)
npm http cache yargs-parser@https://registry.npmjs.org/yargs-parser/-/yargs-parser-21.1.1.tgz 0ms (cache hit)
npm http cache cliui@https://registry.npmjs.org/cliui/-/cliui-8.0.1.tgz 0ms (cache hit)
npm http cache websocket-extensions@https://registry.npmjs.org/websocket-extensions/-/websocket-extensions-0.1.4.tgz 0ms (cache hit)
npm http cache @types/estree@https://registry.npmjs.org/@types/estree/-/estree-1.0.8.tgz 0ms (cache hit)
npm http cache @rollup/rollup-darwin-x64@https://registry.npmjs.org/@rollup/rollup-darwin-x64/-/rollup-darwin-x64-4.57.1.tgz 0ms (cache hit)
npm http cache esbuild@https://registry.npmjs.org/esbuild/-/esbuild-0.21.5.tgz 1ms (cache hit)
npm http cache @esbuild/darwin-x64@https://registry.npmjs.org/@esbuild/darwin-x64/-/darwin-x64-0.21.5.tgz 0ms (cache hit)
npm http cache rollup@https://registry.npmjs.org/rollup/-/rollup-4.57.1.tgz 0ms (cache hit)
npm http cache escalade@https://registry.npmjs.org/escalade/-/escalade-3.2.0.tgz 0ms (cache hit)
npm http cache any-promise@https://registry.npmjs.org/any-promise/-/any-promise-1.3.0.tgz 0ms (cache hit)
npm http cache ts-interface-checker@https://registry.npmjs.org/ts-interface-checker/-/ts-interface-checker-0.1.13.tgz 0ms (cache hit)
npm http cache tinyglobby@https://registry.npmjs.org/tinyglobby/-/tinyglobby-0.2.15.tgz 0ms (cache hit)
npm http cache pirates@https://registry.npmjs.org/pirates/-/pirates-4.0.7.tgz 0ms (cache hit)
npm http cache lines-and-columns@https://registry.npmjs.org/lines-and-columns/-/lines-and-columns-1.2.4.tgz 0ms (cache hit)
npm http cache commander@https://registry.npmjs.org/commander/-/commander-4.1.1.tgz 0ms (cache hit)
npm http cache function-bind@https://registry.npmjs.org/function-bind/-/function-bind-1.1.2.tgz 0ms (cache hit)
npm http cache hasown@https://registry.npmjs.org/hasown/-/hasown-2.0.2.tgz 0ms (cache hit)
npm http cache supports-preserve-symlinks-flag@https://registry.npmjs.org/supports-preserve-symlinks-flag/-/supports-preserve-symlinks-flag-1.0.0.tgz 0ms (cache hit)
npm http cache is-core-module@https://registry.npmjs.org/is-core-module/-/is-core-module-2.16.1.tgz 0ms (cache hit)
npm http cache cssesc@https://registry.npmjs.org/cssesc/-/cssesc-3.0.0.tgz 0ms (cache hit)
npm http cache fastq@https://registry.npmjs.org/fastq/-/fastq-1.20.1.tgz 0ms (cache hit)
npm http cache reusify@https://registry.npmjs.org/reusify/-/reusify-1.1.0.tgz 0ms (cache hit)
npm http cache @nodelib/fs.walk@https://registry.npmjs.org/@nodelib/fs.walk/-/fs.walk-1.2.8.tgz 0ms (cache hit)
npm http cache @nodelib/fs.scandir@https://registry.npmjs.org/@nodelib/fs.scandir/-/fs.scandir-2.1.5.tgz 0ms (cache hit)
npm http cache @nodelib/fs.stat@https://registry.npmjs.org/@nodelib/fs.stat/-/fs.stat-2.0.5.tgz 0ms (cache hit)
npm http cache picomatch@https://registry.npmjs.org/picomatch/-/picomatch-2.3.1.tgz 0ms (cache hit)
npm http cache braces@https://registry.npmjs.org/braces/-/braces-3.0.3.tgz 0ms (cache hit)
npm http cache postcss-selector-parser@https://registry.npmjs.org/postcss-selector-parser/-/postcss-selector-parser-6.1.2.tgz 0ms (cache hit)
npm http cache postcss-load-config@https://registry.npmjs.org/postcss-load-config/-/postcss-load-config-6.0.1.tgz 0ms (cache hit)
npm http cache postcss-import@https://registry.npmjs.org/postcss-import/-/postcss-import-15.1.0.tgz 0ms (cache hit)
npm http cache object-hash@https://registry.npmjs.org/object-hash/-/object-hash-3.0.0.tgz 0ms (cache hit)
npm http cache lilconfig@https://registry.npmjs.org/lilconfig/-/lilconfig-3.1.3.tgz 0ms (cache hit)
npm http cache jiti@https://registry.npmjs.org/jiti/-/jiti-1.21.7.tgz 0ms (cache hit)
npm http cache fast-glob@https://registry.npmjs.org/fast-glob/-/fast-glob-3.3.3.tgz 0ms (cache hit)
npm http cache didyoumean@https://registry.npmjs.org/didyoumean/-/didyoumean-1.2.2.tgz 0ms (cache hit)
npm http cache dlv@https://registry.npmjs.org/dlv/-/dlv-1.1.3.tgz 0ms (cache hit)
npm http cache chokidar@https://registry.npmjs.org/chokidar/-/chokidar-3.6.0.tgz 0ms (cache hit)
npm http cache arg@https://registry.npmjs.org/arg/-/arg-5.0.2.tgz 0ms (cache hit)
npm http cache @alloc/quick-lru@https://registry.npmjs.org/@alloc/quick-lru/-/quick-lru-5.2.0.tgz 0ms (cache hit)
npm http cache scheduler@https://registry.npmjs.org/scheduler/-/scheduler-0.23.2.tgz 0ms (cache hit)
npm http cache loose-envify@https://registry.npmjs.org/loose-envify/-/loose-envify-1.4.0.tgz 0ms (cache hit)
npm http cache @protobufjs/pool@https://registry.npmjs.org/@protobufjs/pool/-/pool-1.1.0.tgz 0ms (cache hit)
npm http cache @protobufjs/path@https://registry.npmjs.org/@protobufjs/path/-/path-1.1.2.tgz 0ms (cache hit)
npm http cache @protobufjs/utf8@https://registry.npmjs.org/@protobufjs/utf8/-/utf8-1.1.0.tgz 0ms (cache hit)
npm http cache @protobufjs/fetch@https://registry.npmjs.org/@protobufjs/fetch/-/fetch-1.1.0.tgz 0ms (cache hit)
npm http cache @protobufjs/inquire@https://registry.npmjs.org/@protobufjs/inquire/-/inquire-1.1.0.tgz 0ms (cache hit)
npm http cache @protobufjs/float@https://registry.npmjs.org/@protobufjs/float/-/float-1.0.2.tgz 0ms (cache hit)
npm http cache @protobufjs/eventemitter@https://registry.npmjs.org/@protobufjs/eventemitter/-/eventemitter-1.1.0.tgz 0ms (cache hit)
npm http cache @protobufjs/codegen@https://registry.npmjs.org/@protobufjs/codegen/-/codegen-2.0.4.tgz 0ms (cache hit)
npm http cache @protobufjs/base64@https://registry.npmjs.org/@protobufjs/base64/-/base64-1.1.2.tgz 0ms (cache hit)
npm http cache nanoid@https://registry.npmjs.org/nanoid/-/nanoid-3.3.11.tgz 0ms (cache hit)
npm http cache source-map-js@https://registry.npmjs.org/source-map-js/-/source-map-js-1.2.1.tgz 0ms (cache hit)
npm http cache @protobufjs/aspromise@https://registry.npmjs.org/@protobufjs/aspromise/-/aspromise-1.1.2.tgz 0ms (cache hit)
npm http cache yallist@https://registry.npmjs.org/yallist/-/yallist-3.1.1.tgz 0ms (cache hit)
npm http cache undici-types@https://registry.npmjs.org/undici-types/-/undici-types-7.16.0.tgz 0ms (cache hit)
npm http cache yargs@https://registry.npmjs.org/yargs/-/yargs-17.7.2.tgz 0ms (cache hit)
npm http cache long@https://registry.npmjs.org/long/-/long-5.3.2.tgz 0ms (cache hit)
npm http cache protobufjs@https://registry.npmjs.org/protobufjs/-/protobufjs-7.5.4.tgz 0ms (cache hit)
npm http cache lodash.camelcase@https://registry.npmjs.org/lodash.camelcase/-/lodash.camelcase-4.3.0.tgz 0ms (cache hit)
npm http cache @types/node@https://registry.npmjs.org/@types/node/-/node-25.2.3.tgz 0ms (cache hit)
npm http cache @firebase/storage-types@https://registry.npmjs.org/@firebase/storage-types/-/storage-types-0.8.3.tgz 0ms (cache hit)
npm http cache @firebase/performance-types@https://registry.npmjs.org/@firebase/performance-types/-/performance-types-0.2.3.tgz 0ms (cache hit)
npm http cache @firebase/remote-config-types@https://registry.npmjs.org/@firebase/remote-config-types/-/remote-config-types-0.5.0.tgz 0ms (cache hit)
npm http cache @firebase/installations-types@https://registry.npmjs.org/@firebase/installations-types/-/installations-types-0.5.3.tgz 0ms (cache hit)
npm http cache @firebase/functions-types@https://registry.npmjs.org/@firebase/functions-types/-/functions-types-0.6.3.tgz 0ms (cache hit)
npm http cache @firebase/messaging-interop-types@https://registry.npmjs.org/@firebase/messaging-interop-types/-/messaging-interop-types-0.2.3.tgz 0ms (cache hit)
npm http cache @firebase/firestore-types@https://registry.npmjs.org/@firebase/firestore-types/-/firestore-types-3.0.3.tgz 0ms (cache hit)
npm http cache @grpc/proto-loader@https://registry.npmjs.org/@grpc/proto-loader/-/proto-loader-0.7.15.tgz 0ms (cache hit)
npm http cache @firebase/database-types@https://registry.npmjs.org/@firebase/database-types/-/database-types-1.0.16.tgz 0ms (cache hit)
npm http cache @firebase/webchannel-wrapper@https://registry.npmjs.org/@firebase/webchannel-wrapper/-/webchannel-wrapper-1.0.5.tgz 0ms (cache hit)
npm http cache @firebase/auth-interop-types@https://registry.npmjs.org/@firebase/auth-interop-types/-/auth-interop-types-0.2.4.tgz 0ms (cache hit)
npm http cache @firebase/auth-types@https://registry.npmjs.org/@firebase/auth-types/-/auth-types-0.13.0.tgz 0ms (cache hit)
npm http cache idb@https://registry.npmjs.org/idb/-/idb-7.1.1.tgz 0ms (cache hit)
npm http cache @firebase/app-check-types@https://registry.npmjs.org/@firebase/app-check-types/-/app-check-types-0.5.3.tgz 0ms (cache hit)
npm http cache @firebase/analytics-types@https://registry.npmjs.org/@firebase/analytics-types/-/analytics-types-0.8.3.tgz 0ms (cache hit)
npm http cache tslib@https://registry.npmjs.org/tslib/-/tslib-2.8.1.tgz 0ms (cache hit)
npm http cache @firebase/logger@https://registry.npmjs.org/@firebase/logger/-/logger-0.5.0.tgz 0ms (cache hit)
npm http cache @firebase/component@https://registry.npmjs.org/@firebase/component/-/component-0.7.0.tgz 0ms (cache hit)
npm http cache @firebase/app-check-interop-types@https://registry.npmjs.org/@firebase/app-check-interop-types/-/app-check-interop-types-0.3.3.tgz 0ms (cache hit)
npm http cache @firebase/util@https://registry.npmjs.org/@firebase/util/-/util-1.13.0.tgz 0ms (cache hit)
npm http cache @firebase/remote-config-compat@https://registry.npmjs.org/@firebase/remote-config-compat/-/remote-config-compat-0.2.21.tgz 0ms (cache hit)
npm http cache @firebase/performance-compat@https://registry.npmjs.org/@firebase/performance-compat/-/performance-compat-0.2.22.tgz 0ms (cache hit)
npm http cache @firebase/messaging-compat@https://registry.npmjs.org/@firebase/messaging-compat/-/messaging-compat-0.2.23.tgz 1ms (cache hit)
npm http cache @firebase/functions@https://registry.npmjs.org/@firebase/functions/-/functions-0.13.1.tgz 0ms (cache hit)
npm http cache @firebase/functions-compat@https://registry.npmjs.org/@firebase/functions-compat/-/functions-compat-0.4.1.tgz 0ms (cache hit)
npm http cache @firebase/app-check-compat@https://registry.npmjs.org/@firebase/app-check-compat/-/app-check-compat-0.4.0.tgz 0ms (cache hit)
npm http cache @firebase/app-check@https://registry.npmjs.org/@firebase/app-check/-/app-check-0.11.0.tgz 0ms (cache hit)
npm http cache @firebase/analytics-compat@https://registry.npmjs.org/@firebase/analytics-compat/-/analytics-compat-0.2.25.tgz 0ms (cache hit)
npm http cache @firebase/app-types@https://registry.npmjs.org/@firebase/app-types/-/app-types-0.9.3.tgz 0ms (cache hit)
npm http cache ms@https://registry.npmjs.org/ms/-/ms-2.1.3.tgz 0ms (cache hit)
npm http cache update-browserslist-db@https://registry.npmjs.org/update-browserslist-db/-/update-browserslist-db-1.2.3.tgz 0ms (cache hit)
npm http cache node-releases@https://registry.npmjs.org/node-releases/-/node-releases-2.0.27.tgz 0ms (cache hit)
npm http cache electron-to-chromium@https://registry.npmjs.org/electron-to-chromium/-/electron-to-chromium-1.5.286.tgz 0ms (cache hit)
npm http cache postcss-value-parser@https://registry.npmjs.org/postcss-value-parser/-/postcss-value-parser-4.2.0.tgz 0ms (cache hit)
npm http cache fraction.js@https://registry.npmjs.org/fraction.js/-/fraction.js-5.3.4.tgz 0ms (cache hit)
npm http cache baseline-browser-mapping@https://registry.npmjs.org/baseline-browser-mapping/-/baseline-browser-mapping-2.9.19.tgz 0ms (cache hit)
npm http cache caniuse-lite@https://registry.npmjs.org/caniuse-lite/-/caniuse-lite-1.0.30001770.tgz 0ms (cache hit)
npm http cache @types/babel__traverse@https://registry.npmjs.org/@types/babel__traverse/-/babel__traverse-7.28.0.tgz 0ms (cache hit)
npm http cache @types/babel__template@https://registry.npmjs.org/@types/babel__template/-/babel__template-7.4.4.tgz 0ms (cache hit)
npm http cache @types/babel__generator@https://registry.npmjs.org/@types/babel__generator/-/babel__generator-7.27.0.tgz 0ms (cache hit)
npm http cache @jridgewell/sourcemap-codec@https://registry.npmjs.org/@jridgewell/sourcemap-codec/-/sourcemap-codec-1.5.5.tgz 0ms (cache hit)
npm http cache @jridgewell/resolve-uri@https://registry.npmjs.org/@jridgewell/resolve-uri/-/resolve-uri-3.1.2.tgz 0ms (cache hit)
npm http cache @babel/helper-globals@https://registry.npmjs.org/@babel/helper-globals/-/helper-globals-7.28.0.tgz 0ms (cache hit)
npm http cache @babel/helper-string-parser@https://registry.npmjs.org/@babel/helper-string-parser/-/helper-string-parser-7.27.1.tgz 0ms (cache hit)
npm http cache @babel/helper-plugin-utils@https://registry.npmjs.org/@babel/helper-plugin-utils/-/helper-plugin-utils-7.28.6.tgz 0ms (cache hit)
npm http cache @babel/helper-module-imports@https://registry.npmjs.org/@babel/helper-module-imports/-/helper-module-imports-7.28.6.tgz 0ms (cache hit)
npm http cache lru-cache@https://registry.npmjs.org/lru-cache/-/lru-cache-5.1.1.tgz 0ms (cache hit)
npm http cache browserslist@https://registry.npmjs.org/browserslist/-/browserslist-4.28.1.tgz 0ms (cache hit)
npm http cache @babel/helper-validator-option@https://registry.npmjs.org/@babel/helper-validator-option/-/helper-validator-option-7.27.1.tgz 0ms (cache hit)
npm http cache @babel/compat-data@https://registry.npmjs.org/@babel/compat-data/-/compat-data-7.29.0.tgz 0ms (cache hit)
npm http cache jsesc@https://registry.npmjs.org/jsesc/-/jsesc-3.1.0.tgz 0ms (cache hit)
npm http cache @jridgewell/trace-mapping@https://registry.npmjs.org/@jridgewell/trace-mapping/-/trace-mapping-0.3.31.tgz 0ms (cache hit)
npm http cache js-tokens@https://registry.npmjs.org/js-tokens/-/js-tokens-4.0.0.tgz 0ms (cache hit)
npm http cache picocolors@https://registry.npmjs.org/picocolors/-/picocolors-1.1.1.tgz 0ms (cache hit)
npm http cache semver@https://registry.npmjs.org/semver/-/semver-6.3.1.tgz 0ms (cache hit)
npm http cache json5@https://registry.npmjs.org/json5/-/json5-2.2.3.tgz 0ms (cache hit)
npm http cache @jridgewell/gen-mapping@https://registry.npmjs.org/@jridgewell/gen-mapping/-/gen-mapping-0.3.13.tgz 0ms (cache hit)
npm http cache debug@https://registry.npmjs.org/debug/-/debug-4.4.3.tgz 0ms (cache hit)
npm http cache @babel/helper-validator-identifier@https://registry.npmjs.org/@babel/helper-validator-identifier/-/helper-validator-identifier-7.28.5.tgz 0ms (cache hit)
npm http cache gensync@https://registry.npmjs.org/gensync/-/gensync-1.0.0-beta.2.tgz 0ms (cache hit)
npm http cache @jridgewell/remapping@https://registry.npmjs.org/@jridgewell/remapping/-/remapping-2.3.5.tgz 0ms (cache hit)
npm http cache @babel/types@https://registry.npmjs.org/@babel/types/-/types-7.29.0.tgz 0ms (cache hit)
npm http cache convert-source-map@https://registry.npmjs.org/convert-source-map/-/convert-source-map-2.0.0.tgz 0ms (cache hit)
npm http cache @babel/template@https://registry.npmjs.org/@babel/template/-/template-7.28.6.tgz 0ms (cache hit)
npm http cache @babel/parser@https://registry.npmjs.org/@babel/parser/-/parser-7.29.0.tgz 0ms (cache hit)
npm http cache @babel/traverse@https://registry.npmjs.org/@babel/traverse/-/traverse-7.29.0.tgz 0ms (cache hit)
npm http cache @babel/helpers@https://registry.npmjs.org/@babel/helpers/-/helpers-7.28.6.tgz 0ms (cache hit)
npm http cache @babel/helper-module-transforms@https://registry.npmjs.org/@babel/helper-module-transforms/-/helper-module-transforms-7.28.6.tgz 0ms (cache hit)
npm http cache @babel/helper-compilation-targets@https://registry.npmjs.org/@babel/helper-compilation-targets/-/helper-compilation-targets-7.28.6.tgz 0ms (cache hit)
npm http cache @babel/generator@https://registry.npmjs.org/@babel/generator/-/generator-7.29.1.tgz 0ms (cache hit)
npm http cache @babel/code-frame@https://registry.npmjs.org/@babel/code-frame/-/code-frame-7.29.0.tgz 0ms (cache hit)
npm http cache @types/babel__core@https://registry.npmjs.org/@types/babel__core/-/babel__core-7.20.5.tgz 0ms (cache hit)
npm http cache react-refresh@https://registry.npmjs.org/react-refresh/-/react-refresh-0.17.0.tgz 0ms (cache hit)
npm http cache @rolldown/pluginutils@https://registry.npmjs.org/@rolldown/pluginutils/-/pluginutils-1.0.0-beta.27.tgz 0ms (cache hit)
npm http cache @babel/core@https://registry.npmjs.org/@babel/core/-/core-7.29.0.tgz 0ms (cache hit)
npm http cache @babel/plugin-transform-react-jsx-source@https://registry.npmjs.org/@babel/plugin-transform-react-jsx-source/-/plugin-transform-react-jsx-source-7.27.1.tgz 0ms (cache hit)
npm http cache @babel/plugin-transform-react-jsx-self@https://registry.npmjs.org/@babel/plugin-transform-react-jsx-self/-/plugin-transform-react-jsx-self-7.27.1.tgz 0ms (cache hit)
npm http cache csstype@https://registry.npmjs.org/csstype/-/csstype-3.2.3.tgz 0ms (cache hit)
npm http cache tailwindcss@https://registry.npmjs.org/tailwindcss/-/tailwindcss-3.4.19.tgz 0ms (cache hit)
npm http cache @types/prop-types@https://registry.npmjs.org/@types/prop-types/-/prop-types-15.7.15.tgz 0ms (cache hit)
npm http cache react-dom@https://registry.npmjs.org/react-dom/-/react-dom-18.3.1.tgz 0ms (cache hit)
npm http cache react@https://registry.npmjs.org/react/-/react-18.3.1.tgz 0ms (cache hit)
npm http cache autoprefixer@https://registry.npmjs.org/autoprefixer/-/autoprefixer-10.4.24.tgz 0ms (cache hit)
npm http cache postcss@https://registry.npmjs.org/postcss/-/postcss-8.5.6.tgz 0ms (cache hit)
npm http cache vite@https://registry.npmjs.org/vite/-/vite-5.4.21.tgz 0ms (cache hit)
npm http cache @vitejs/plugin-react@https://registry.npmjs.org/@vitejs/plugin-react/-/plugin-react-4.7.0.tgz 0ms (cache hit)
npm http cache @types/react-dom@https://registry.npmjs.org/@types/react-dom/-/react-dom-18.3.7.tgz 0ms (cache hit)
npm http cache @types/react@https://registry.npmjs.org/@types/react/-/react-18.3.28.tgz 0ms (cache hit)
npm http cache picomatch@https://registry.npmjs.org/picomatch/-/picomatch-4.0.3.tgz 0ms (cache hit)
npm http cache glob-parent@https://registry.npmjs.org/glob-parent/-/glob-parent-5.1.2.tgz 0ms (cache hit)
npm http cache glob-parent@https://registry.npmjs.org/glob-parent/-/glob-parent-5.1.2.tgz 0ms (cache hit)
npm http cache fdir@https://registry.npmjs.org/fdir/-/fdir-6.5.0.tgz 0ms (cache hit)
npm http cache wrap-ansi@https://registry.npmjs.org/wrap-ansi/-/wrap-ansi-7.0.0.tgz 0ms (cache hit)
npm http cache strip-ansi@https://registry.npmjs.org/strip-ansi/-/strip-ansi-6.0.1.tgz 0ms (cache hit)
npm http cache ansi-regex@https://registry.npmjs.org/ansi-regex/-/ansi-regex-5.0.1.tgz 0ms (cache hit)
npm http cache string-width@https://registry.npmjs.org/string-width/-/string-width-4.2.3.tgz 0ms (cache hit)
npm http cache require-directory@https://registry.npmjs.org/require-directory/-/require-directory-2.1.1.tgz 0ms (cache hit)
npm http cache get-caller-file@https://registry.npmjs.org/get-caller-file/-/get-caller-file-2.0.5.tgz 0ms (cache hit)
npm http cache safe-buffer@https://registry.npmjs.org/safe-buffer/-/safe-buffer-5.2.1.tgz 0ms (cache hit)
npm http cache http-parser-js@https://registry.npmjs.org/http-parser-js/-/http-parser-js-0.5.10.tgz 0ms (cache hit)
npm http cache thenify@https://registry.npmjs.org/thenify/-/thenify-3.3.1.tgz 0ms (cache hit)
npm http cache binary-extensions@https://registry.npmjs.org/binary-extensions/-/binary-extensions-2.3.0.tgz 0ms (cache hit)
npm http cache fill-range@https://registry.npmjs.org/fill-range/-/fill-range-7.1.1.tgz 0ms (cache hit)
npm http cache readdirp@https://registry.npmjs.org/readdirp/-/readdirp-3.6.0.tgz 0ms (cache hit)
npm http cache fsevents@https://registry.npmjs.org/fsevents/-/fsevents-2.3.3.tgz 1ms (cache hit)
npm http cache anymatch@https://registry.npmjs.org/anymatch/-/anymatch-3.1.3.tgz 0ms (cache hit)
npm http cache postcss-nested@https://registry.npmjs.org/postcss-nested/-/postcss-nested-6.2.0.tgz 0ms (cache hit)
npm http cache postcss-js@https://registry.npmjs.org/postcss-js/-/postcss-js-4.1.0.tgz 0ms (cache hit)
npm http cache micromatch@https://registry.npmjs.org/micromatch/-/micromatch-4.0.8.tgz 0ms (cache hit)
npm http cache normalize-path@https://registry.npmjs.org/normalize-path/-/normalize-path-3.0.0.tgz 0ms (cache hit)
npm http cache is-glob@https://registry.npmjs.org/is-glob/-/is-glob-4.0.3.tgz 0ms (cache hit)
npm http cache glob-parent@https://registry.npmjs.org/glob-parent/-/glob-parent-6.0.2.tgz 1ms (cache hit)
npm http cache websocket-driver@https://registry.npmjs.org/websocket-driver/-/websocket-driver-0.7.4.tgz 0ms (cache hit)
npm http cache web-vitals@https://registry.npmjs.org/web-vitals/-/web-vitals-4.2.4.tgz 0ms (cache hit)
npm http cache faye-websocket@https://registry.npmjs.org/faye-websocket/-/faye-websocket-0.11.4.tgz 0ms (cache hit)
npm http cache @firebase/storage-compat@https://registry.npmjs.org/@firebase/storage-compat/-/storage-compat-0.4.0.tgz 0ms (cache hit)
npm http cache @firebase/remote-config@https://registry.npmjs.org/@firebase/remote-config/-/remote-config-0.8.0.tgz 0ms (cache hit)
npm http cache @firebase/performance@https://registry.npmjs.org/@firebase/performance/-/performance-0.7.9.tgz 0ms (cache hit)
npm http cache @firebase/installations@https://registry.npmjs.org/@firebase/installations/-/installations-0.6.19.tgz 0ms (cache hit)
npm http cache @firebase/installations-compat@https://registry.npmjs.org/@firebase/installations-compat/-/installations-compat-0.2.19.tgz 0ms (cache hit)
npm http cache @firebase/firestore-compat@https://registry.npmjs.org/@firebase/firestore-compat/-/firestore-compat-0.4.5.tgz 0ms (cache hit)
npm http cache @firebase/analytics@https://registry.npmjs.org/@firebase/analytics/-/analytics-0.10.19.tgz 0ms (cache hit)
npm http cache @firebase/app@https://registry.npmjs.org/@firebase/app/-/app-0.14.8.tgz 0ms (cache hit)
npm http cache @firebase/app-compat@https://registry.npmjs.org/@firebase/app-compat/-/app-compat-0.5.8.tgz 0ms (cache hit)
npm http cache ansi-styles@https://registry.npmjs.org/ansi-styles/-/ansi-styles-4.3.0.tgz 0ms (cache hit)
npm http cache color-name@https://registry.npmjs.org/color-name/-/color-name-1.1.4.tgz 0ms (cache hit)
npm http cache is-fullwidth-code-point@https://registry.npmjs.org/is-fullwidth-code-point/-/is-fullwidth-code-point-3.0.0.tgz 0ms (cache hit)
npm http cache color-convert@https://registry.npmjs.org/color-convert/-/color-convert-2.0.1.tgz 0ms (cache hit)
npm http cache is-number@https://registry.npmjs.org/is-number/-/is-number-7.0.0.tgz 0ms (cache hit)
npm http cache thenify-all@https://registry.npmjs.org/thenify-all/-/thenify-all-1.6.0.tgz 0ms (cache hit)
npm http cache mz@https://registry.npmjs.org/mz/-/mz-2.7.0.tgz 0ms (cache hit)
npm http cache object-assign@https://registry.npmjs.org/object-assign/-/object-assign-4.1.1.tgz 0ms (cache hit)
npm http cache pify@https://registry.npmjs.org/pify/-/pify-2.3.0.tgz 0ms (cache hit)
npm http cache queue-microtask@https://registry.npmjs.org/queue-microtask/-/queue-microtask-1.2.3.tgz 0ms (cache hit)
npm http cache path-parse@https://registry.npmjs.org/path-parse/-/path-parse-1.0.7.tgz 0ms (cache hit)
npm http cache read-cache@https://registry.npmjs.org/read-cache/-/read-cache-1.0.0.tgz 0ms (cache hit)
npm http cache util-deprecate@https://registry.npmjs.org/util-deprecate/-/util-deprecate-1.0.2.tgz 0ms (cache hit)
npm http cache camelcase-css@https://registry.npmjs.org/camelcase-css/-/camelcase-css-2.0.1.tgz 0ms (cache hit)
npm http cache is-extglob@https://registry.npmjs.org/is-extglob/-/is-extglob-2.1.1.tgz 0ms (cache hit)
npm http cache to-regex-range@https://registry.npmjs.org/to-regex-range/-/to-regex-range-5.0.1.tgz 0ms (cache hit)
npm http cache run-parallel@https://registry.npmjs.org/run-parallel/-/run-parallel-1.2.0.tgz 0ms (cache hit)
npm http cache merge2@https://registry.npmjs.org/merge2/-/merge2-1.4.1.tgz 0ms (cache hit)
npm http cache is-binary-path@https://registry.npmjs.org/is-binary-path/-/is-binary-path-2.1.0.tgz 0ms (cache hit)
npm http cache @firebase/storage@https://registry.npmjs.org/@firebase/storage/-/storage-0.14.0.tgz 0ms (cache hit)
npm http cache @firebase/messaging@https://registry.npmjs.org/@firebase/messaging/-/messaging-0.12.23.tgz 0ms (cache hit)
npm http cache @firebase/database-compat@https://registry.npmjs.org/@firebase/database-compat/-/database-compat-2.1.0.tgz 0ms (cache hit)
npm http cache @firebase/data-connect@https://registry.npmjs.org/@firebase/data-connect/-/data-connect-0.3.12.tgz 0ms (cache hit)
npm http cache @firebase/ai@https://registry.npmjs.org/@firebase/ai/-/ai-2.8.0.tgz 0ms (cache hit)
npm http cache sucrase@https://registry.npmjs.org/sucrase/-/sucrase-3.35.1.tgz 0ms (cache hit)
npm http fetch POST 200 https://registry.npmjs.org/-/npm/v1/security/advisories/bulk 15847ms
npm http cache @grpc/grpc-js@https://registry.npmjs.org/@grpc/grpc-js/-/grpc-js-1.9.15.tgz 0ms (cache hit)
npm http cache @firebase/database@https://registry.npmjs.org/@firebase/database/-/database-1.1.0.tgz 0ms (cache hit)
npm http cache @firebase/auth-compat@https://registry.npmjs.org/@firebase/auth-compat/-/auth-compat-0.6.2.tgz 0ms (cache hit)
npm http fetch GET 200 https://registry.npmjs.org/lines-and-columns/-/lines-and-columns-1.2.4.tgz 41574ms (cache miss)
npm http fetch GET 200 https://registry.npmjs.org/dlv/-/dlv-1.1.3.tgz 44131ms (cache miss)
npm http fetch GET 200 https://registry.npmjs.org/loose-envify/-/loose-envify-1.4.0.tgz 44129ms (cache miss)
npm http fetch GET 200 https://registry.npmjs.org/@protobufjs/eventemitter/-/eventemitter-1.1.0.tgz 44608ms (cache miss)
npm http fetch GET 200 https://registry.npmjs.org/@protobufjs/codegen/-/codegen-2.0.4.tgz 44607ms (cache miss)
npm http fetch GET 200 https://registry.npmjs.org/@protobufjs/aspromise/-/aspromise-1.1.2.tgz 44205ms (cache miss)
npm http fetch GET 200 https://registry.npmjs.org/nanoid/-/nanoid-3.3.11.tgz 44214ms (cache miss)
npm http fetch GET 200 https://registry.npmjs.org/emoji-regex/-/emoji-regex-8.0.0.tgz 45661ms (cache miss)
npm http fetch GET 200 https://registry.npmjs.org/lilconfig/-/lilconfig-3.1.3.tgz 44875ms (cache miss)
npm http fetch GET 200 https://registry.npmjs.org/arg/-/arg-5.0.2.tgz 44872ms (cache miss)
npm http fetch GET 200 https://registry.npmjs.org/@protobufjs/pool/-/pool-1.1.0.tgz 44863ms (cache miss)
npm http fetch GET 200 https://registry.npmjs.org/@protobufjs/path/-/path-1.1.2.tgz 44972ms (cache miss)
npm http fetch GET 200 https://registry.npmjs.org/@firebase/storage-types/-/storage-types-0.8.3.tgz 44576ms (cache miss)
npm http fetch GET 200 https://registry.npmjs.org/@firebase/messaging-interop-types/-/messaging-interop-types-0.2.3.tgz 44565ms (cache miss)
npm http fetch GET 200 https://registry.npmjs.org/@firebase/installations-types/-/installations-types-0.5.3.tgz 44572ms (cache miss)
npm http fetch GET 200 https://registry.npmjs.org/@firebase/functions-types/-/functions-types-0.6.3.tgz 44572ms (cache miss)
npm http fetch GET 200 https://registry.npmjs.org/@firebase/remote-config-types/-/remote-config-types-0.5.0.tgz 44580ms (cache miss)
npm http fetch GET 200 https://registry.npmjs.org/pirates/-/pirates-4.0.7.tgz 45896ms (cache miss)
npm http fetch GET 200 https://registry.npmjs.org/@types/estree/-/estree-1.0.8.tgz 45921ms (cache miss)
npm http fetch GET 200 https://registry.npmjs.org/cssesc/-/cssesc-3.0.0.tgz 45887ms (cache miss)
npm http fetch GET 200 https://registry.npmjs.org/@protobufjs/utf8/-/utf8-1.1.0.tgz 45134ms (cache miss)
npm http fetch GET 200 https://registry.npmjs.org/@protobufjs/fetch/-/fetch-1.1.0.tgz 45135ms (cache miss)
npm http fetch GET 200 https://registry.npmjs.org/@protobufjs/float/-/float-1.0.2.tgz 45131ms (cache miss)
npm http fetch GET 200 https://registry.npmjs.org/@protobufjs/base64/-/base64-1.1.2.tgz 44720ms (cache miss)
npm http fetch GET 200 https://registry.npmjs.org/lodash.camelcase/-/lodash.camelcase-4.3.0.tgz 44668ms (cache miss)
npm http fetch GET 200 https://registry.npmjs.org/@firebase/performance-types/-/performance-types-0.2.3.tgz 44663ms (cache miss)
npm http fetch GET 200 https://registry.npmjs.org/@firebase/database-types/-/database-types-1.0.16.tgz 44646ms (cache miss)
npm http fetch GET 200 https://registry.npmjs.org/@firebase/auth-interop-types/-/auth-interop-types-0.2.4.tgz 44642ms (cache miss)
npm http fetch GET 200 https://registry.npmjs.org/@firebase/auth-types/-/auth-types-0.13.0.tgz 44640ms (cache miss)
npm http fetch GET 200 https://registry.npmjs.org/@firebase/analytics-types/-/analytics-types-0.8.3.tgz 44371ms (cache miss)
npm http fetch GET 200 https://registry.npmjs.org/@firebase/app-check-types/-/app-check-types-0.5.3.tgz 44640ms (cache miss)
npm http fetch GET 200 https://registry.npmjs.org/@alloc/quick-lru/-/quick-lru-5.2.0.tgz 45177ms (cache miss)
npm http fetch GET 200 https://registry.npmjs.org/supports-preserve-symlinks-flag/-/supports-preserve-symlinks-flag-1.0.0.tgz 46263ms (cache miss)
npm http fetch GET 200 https://registry.npmjs.org/didyoumean/-/didyoumean-1.2.2.tgz 45567ms (cache miss)
npm http fetch GET 200 https://registry.npmjs.org/yallist/-/yallist-3.1.1.tgz 45215ms (cache miss)
npm http fetch GET 200 https://registry.npmjs.org/@firebase/app-check-interop-types/-/app-check-interop-types-0.3.3.tgz 44917ms (cache miss)
npm http fetch GET 200 https://registry.npmjs.org/@firebase/remote-config-compat/-/remote-config-compat-0.2.21.tgz 44917ms (cache miss)
npm http fetch GET 200 https://registry.npmjs.org/@firebase/messaging-compat/-/messaging-compat-0.2.23.tgz 44916ms (cache miss)
npm http fetch GET 200 https://registry.npmjs.org/@firebase/app-check-compat/-/app-check-compat-0.4.0.tgz 44920ms (cache miss)
npm http fetch GET 200 https://registry.npmjs.org/ms/-/ms-2.1.3.tgz 44912ms (cache miss)
npm http fetch GET 200 https://registry.npmjs.org/@firebase/analytics-compat/-/analytics-compat-0.2.25.tgz 44924ms (cache miss)
npm http fetch GET 200 https://registry.npmjs.org/@firebase/firestore-types/-/firestore-types-3.0.3.tgz 45626ms (cache miss)
npm http fetch GET 200 https://registry.npmjs.org/postcss-value-parser/-/postcss-value-parser-4.2.0.tgz 45078ms (cache miss)
npm http fetch GET 200 https://registry.npmjs.org/node-releases/-/node-releases-2.0.27.tgz 45277ms (cache miss)
npm http fetch GET 200 https://registry.npmjs.org/@types/babel__template/-/babel__template-7.4.4.tgz 44871ms (cache miss)
npm http fetch GET 200 https://registry.npmjs.org/hasown/-/hasown-2.0.2.tgz 47378ms (cache miss)
npm http fetch GET 200 https://registry.npmjs.org/@firebase/app-types/-/app-types-0.9.3.tgz 45797ms (cache miss)
npm http fetch GET 200 https://registry.npmjs.org/@types/babel__generator/-/babel__generator-7.27.0.tgz 45386ms (cache miss)
npm http fetch GET 200 https://registry.npmjs.org/@babel/helper-globals/-/helper-globals-7.28.0.tgz 45367ms (cache miss)
npm http fetch GET 200 https://registry.npmjs.org/@babel/helper-plugin-utils/-/helper-plugin-utils-7.28.6.tgz 45365ms (cache miss)
npm http fetch GET 200 https://registry.npmjs.org/@babel/helper-module-imports/-/helper-module-imports-7.28.6.tgz 45441ms (cache miss)
npm http fetch GET 200 https://registry.npmjs.org/@babel/helper-validator-option/-/helper-validator-option-7.27.1.tgz 45442ms (cache miss)
npm http fetch GET 200 https://registry.npmjs.org/@babel/compat-data/-/compat-data-7.29.0.tgz 45439ms (cache miss)
npm http fetch GET 200 https://registry.npmjs.org/picocolors/-/picocolors-1.1.1.tgz 45435ms (cache miss)
npm http fetch GET 200 https://registry.npmjs.org/lru-cache/-/lru-cache-5.1.1.tgz 45509ms (cache miss)
npm http fetch GET 200 https://registry.npmjs.org/browserslist/-/browserslist-4.28.1.tgz 45645ms (cache miss)
npm http fetch GET 200 https://registry.npmjs.org/js-tokens/-/js-tokens-4.0.0.tgz 45636ms (cache miss)
npm http fetch GET 200 https://registry.npmjs.org/gensync/-/gensync-1.0.0-beta.2.tgz 45429ms (cache miss)
npm http fetch GET 200 https://registry.npmjs.org/@babel/helper-validator-identifier/-/helper-validator-identifier-7.28.5.tgz 45437ms (cache miss)
npm http fetch GET 200 https://registry.npmjs.org/@jridgewell/remapping/-/remapping-2.3.5.tgz 45435ms (cache miss)
npm http fetch GET 200 https://registry.npmjs.org/convert-source-map/-/convert-source-map-2.0.0.tgz 45434ms (cache miss)
npm http fetch GET 200 https://registry.npmjs.org/jsesc/-/jsesc-3.1.0.tgz 45718ms (cache miss)
npm http fetch GET 200 https://registry.npmjs.org/@babel/code-frame/-/code-frame-7.29.0.tgz 45213ms (cache miss)
npm http fetch GET 200 https://registry.npmjs.org/react-refresh/-/react-refresh-0.17.0.tgz 45211ms (cache miss)
npm http fetch GET 200 https://registry.npmjs.org/@types/babel__core/-/babel__core-7.20.5.tgz 45220ms (cache miss)
npm http fetch GET 200 https://registry.npmjs.org/@babel/plugin-transform-react-jsx-source/-/plugin-transform-react-jsx-source-7.27.1.tgz 45221ms (cache miss)
npm http fetch GET 200 https://registry.npmjs.org/@types/prop-types/-/prop-types-15.7.15.tgz 45054ms (cache miss)
npm http fetch GET 200 https://registry.npmjs.org/@babel/plugin-transform-react-jsx-self/-/plugin-transform-react-jsx-self-7.27.1.tgz 45707ms (cache miss)
npm http fetch GET 200 https://registry.npmjs.org/@types/react-dom/-/react-dom-18.3.7.tgz 45933ms (cache miss)
npm http fetch GET 200 https://registry.npmjs.org/glob-parent/-/glob-parent-5.1.2.tgz 45851ms (cache miss)
npm http fetch GET 200 https://registry.npmjs.org/glob-parent/-/glob-parent-5.1.2.tgz 45863ms (cache miss)
npm http fetch GET 200 https://registry.npmjs.org/ansi-regex/-/ansi-regex-5.0.1.tgz 42483ms (cache miss)
npm http fetch GET 200 https://registry.npmjs.org/string-width/-/string-width-4.2.3.tgz 42493ms (cache miss)
npm http fetch GET 200 https://registry.npmjs.org/wrap-ansi/-/wrap-ansi-7.0.0.tgz 42500ms (cache miss)
npm http fetch GET 200 https://registry.npmjs.org/update-browserslist-db/-/update-browserslist-db-1.2.3.tgz 47842ms (cache miss)
npm http fetch GET 200 https://registry.npmjs.org/@types/babel__traverse/-/babel__traverse-7.28.0.tgz 47436ms (cache miss)
npm http fetch GET 200 https://registry.npmjs.org/debug/-/debug-4.4.3.tgz 47386ms (cache miss)
npm http fetch GET 200 https://registry.npmjs.org/http-parser-js/-/http-parser-js-0.5.10.tgz 43088ms (cache miss)
npm http fetch GET 200 https://registry.npmjs.org/get-caller-file/-/get-caller-file-2.0.5.tgz 43093ms (cache miss)
npm http fetch GET 200 https://registry.npmjs.org/safe-buffer/-/safe-buffer-5.2.1.tgz 43092ms (cache miss)
npm http fetch GET 200 https://registry.npmjs.org/require-directory/-/require-directory-2.1.1.tgz 43101ms (cache miss)
npm http fetch GET 200 https://registry.npmjs.org/postcss-nested/-/postcss-nested-6.2.0.tgz 42770ms (cache miss)
npm http fetch GET 200 https://registry.npmjs.org/thenify/-/thenify-3.3.1.tgz 43096ms (cache miss)
npm http fetch GET 200 https://registry.npmjs.org/is-glob/-/is-glob-4.0.3.tgz 42763ms (cache miss)
npm http fetch GET 200 https://registry.npmjs.org/glob-parent/-/glob-parent-6.0.2.tgz 42715ms (cache miss)
npm http fetch GET 200 https://registry.npmjs.org/faye-websocket/-/faye-websocket-0.11.4.tgz 42711ms (cache miss)
npm http fetch GET 200 https://registry.npmjs.org/postcss-js/-/postcss-js-4.1.0.tgz 42827ms (cache miss)
npm http fetch GET 200 https://registry.npmjs.org/@firebase/installations-compat/-/installations-compat-0.2.19.tgz 42385ms (cache miss)
npm http fetch GET 200 https://registry.npmjs.org/y18n/-/y18n-5.0.8.tgz 49618ms (cache miss)
npm http fetch GET 200 https://registry.npmjs.org/@rolldown/pluginutils/-/pluginutils-1.0.0-beta.27.tgz 47457ms (cache miss)
npm http fetch GET 200 https://registry.npmjs.org/escalade/-/escalade-3.2.0.tgz 50094ms (cache miss)
npm http fetch GET 200 https://registry.npmjs.org/is-core-module/-/is-core-module-2.16.1.tgz 50414ms (cache miss)
npm http fetch GET 200 https://registry.npmjs.org/reusify/-/reusify-1.1.0.tgz 49764ms (cache miss)
npm http fetch GET 200 https://registry.npmjs.org/semver/-/semver-6.3.1.tgz 48357ms (cache miss)
npm http fetch GET 200 https://registry.npmjs.org/fdir/-/fdir-6.5.0.tgz 47437ms (cache miss)
npm http fetch GET 200 https://registry.npmjs.org/cliui/-/cliui-8.0.1.tgz 50872ms (cache miss)
npm http fetch GET 200 https://registry.npmjs.org/function-bind/-/function-bind-1.1.2.tgz 50838ms (cache miss)
npm http fetch GET 200 https://registry.npmjs.org/@protobufjs/inquire/-/inquire-1.1.0.tgz 50551ms (cache miss)
npm http fetch GET 200 https://registry.npmjs.org/fastq/-/fastq-1.20.1.tgz 51538ms (cache miss)
npm http fetch GET 200 https://registry.npmjs.org/postcss-load-config/-/postcss-load-config-6.0.1.tgz 51173ms (cache miss)
npm http fetch GET 200 https://registry.npmjs.org/object-hash/-/object-hash-3.0.0.tgz 51173ms (cache miss)
npm http fetch GET 200 https://registry.npmjs.org/tinyglobby/-/tinyglobby-0.2.15.tgz 51940ms (cache miss)
npm http fetch GET 200 https://registry.npmjs.org/tslib/-/tslib-2.8.1.tgz 50394ms (cache miss)
npm http fetch GET 200 https://registry.npmjs.org/electron-to-chromium/-/electron-to-chromium-1.5.286.tgz 50596ms (cache miss)
npm http fetch GET 200 https://registry.npmjs.org/@jridgewell/resolve-uri/-/resolve-uri-3.1.2.tgz 50377ms (cache miss)
npm http fetch GET 200 https://registry.npmjs.org/@babel/helper-string-parser/-/helper-string-parser-7.27.1.tgz 50377ms (cache miss)
npm http fetch GET 200 https://registry.npmjs.org/@vitejs/plugin-react/-/plugin-react-4.7.0.tgz 49525ms (cache miss)
npm http fetch GET 200 https://registry.npmjs.org/long/-/long-5.3.2.tgz 51871ms (cache miss)
npm http fetch GET 200 https://registry.npmjs.org/picomatch/-/picomatch-4.0.3.tgz 50618ms (cache miss)
npm http fetch GET 200 https://registry.npmjs.org/commander/-/commander-4.1.1.tgz 53987ms (cache miss)
npm http fetch GET 200 https://registry.npmjs.org/chokidar/-/chokidar-3.6.0.tgz 53369ms (cache miss)
npm http fetch GET 200 https://registry.npmjs.org/ts-interface-checker/-/ts-interface-checker-0.1.13.tgz 54164ms (cache miss)
npm http fetch GET 200 https://registry.npmjs.org/baseline-browser-mapping/-/baseline-browser-mapping-2.9.19.tgz 52318ms (cache miss)
npm http fetch GET 200 https://registry.npmjs.org/esbuild/-/esbuild-0.21.5.tgz 54486ms (cache miss)
npm http fetch GET 200 https://registry.npmjs.org/postcss-import/-/postcss-import-15.1.0.tgz 53996ms (cache miss)
npm http fetch GET 200 https://registry.npmjs.org/braces/-/braces-3.0.3.tgz 54011ms (cache miss)
npm http fetch GET 200 https://registry.npmjs.org/picomatch/-/picomatch-2.3.1.tgz 54085ms (cache miss)
npm http fetch GET 200 https://registry.npmjs.org/@grpc/proto-loader/-/proto-loader-0.7.15.tgz 57648ms (cache miss)
npm http fetch GET 200 https://registry.npmjs.org/@nodelib/fs.stat/-/fs.stat-2.0.5.tgz 61379ms (cache miss)
npm http fetch GET 200 https://registry.npmjs.org/scheduler/-/scheduler-0.23.2.tgz 61314ms (cache miss)
npm http fetch GET 200 https://registry.npmjs.org/@babel/helper-compilation-targets/-/helper-compilation-targets-7.28.6.tgz 60582ms (cache miss)
npm http fetch GET 200 https://registry.npmjs.org/source-map-js/-/source-map-js-1.2.1.tgz 62236ms (cache miss)
npm http fetch GET 200 https://registry.npmjs.org/yargs-parser/-/yargs-parser-21.1.1.tgz 65207ms (cache miss)
npm http fetch GET 200 https://registry.npmjs.org/websocket-extensions/-/websocket-extensions-0.1.4.tgz 65204ms (cache miss)
npm http fetch GET 200 https://registry.npmjs.org/@babel/template/-/template-7.28.6.tgz 63146ms (cache miss)
npm http fetch GET 200 https://registry.npmjs.org/@types/react/-/react-18.3.28.tgz 63011ms (cache miss)
npm http fetch GET 200 https://registry.npmjs.org/idb/-/idb-7.1.1.tgz 65190ms (cache miss)
npm http fetch GET 200 https://registry.npmjs.org/any-promise/-/any-promise-1.3.0.tgz 66502ms (cache miss)
npm http fetch GET 200 https://registry.npmjs.org/@babel/helper-module-transforms/-/helper-module-transforms-7.28.6.tgz 63911ms (cache miss)
npm http fetch GET 200 https://registry.npmjs.org/fraction.js/-/fraction.js-5.3.4.tgz 64669ms (cache miss)
npm http fetch GET 200 https://registry.npmjs.org/undici-types/-/undici-types-7.16.0.tgz 65570ms (cache miss)
npm http fetch GET 200 https://registry.npmjs.org/@firebase/logger/-/logger-0.5.0.tgz 65422ms (cache miss)
npm http fetch GET 200 https://registry.npmjs.org/react/-/react-18.3.1.tgz 64225ms (cache miss)
npm http fetch GET 200 https://registry.npmjs.org/json5/-/json5-2.2.3.tgz 65520ms (cache miss)
npm http fetch GET 200 https://registry.npmjs.org/esbuild 58197ms (cache miss)
npm http fetch GET 200 https://registry.npmjs.org/@firebase/performance-compat/-/performance-compat-0.2.22.tgz 67333ms (cache miss)
npm http fetch GET 200 https://registry.npmjs.org/@jridgewell/sourcemap-codec/-/sourcemap-codec-1.5.5.tgz 67195ms (cache miss)
npm http fetch GET 200 https://registry.npmjs.org/csstype/-/csstype-3.2.3.tgz 66776ms (cache miss)
npm http fetch GET 200 https://registry.npmjs.org/@nodelib/fs.scandir/-/fs.scandir-2.1.5.tgz 68890ms (cache miss)
npm http fetch GET 200 https://registry.npmjs.org/@firebase/functions-compat/-/functions-compat-0.4.1.tgz 69018ms (cache miss)
npm http fetch GET 200 https://registry.npmjs.org/@nodelib/fs.walk/-/fs.walk-1.2.8.tgz 69987ms (cache miss)
npm http fetch GET 200 https://registry.npmjs.org/websocket-driver/-/websocket-driver-0.7.4.tgz 65152ms (cache miss)
npm http fetch GET 200 https://registry.npmjs.org/@jridgewell/gen-mapping/-/gen-mapping-0.3.13.tgz 69921ms (cache miss)
npm http cache https://registry.npmjs.org/vite 2000ms (cache hit)
npm http fetch GET 200 https://registry.npmjs.org/@firebase/component/-/component-0.7.0.tgz 75571ms (cache miss)
npm http fetch GET 200 https://registry.npmjs.org/@firebase/webchannel-wrapper/-/webchannel-wrapper-1.0.5.tgz 75859ms (cache miss)
npm http cache https://registry.npmjs.org/@vitejs%2fplugin-react 1670ms (cache hit)
npm http fetch GET 200 https://registry.npmjs.org/@babel/parser/-/parser-7.29.0.tgz 80125ms (cache miss)
npm http fetch GET 200 https://registry.npmjs.org/@jridgewell/trace-mapping/-/trace-mapping-0.3.31.tgz 81847ms (cache miss)
npm http fetch GET 200 https://registry.npmjs.org/postcss-selector-parser/-/postcss-selector-parser-6.1.2.tgz 84125ms (cache miss)
npm http fetch GET 200 https://registry.npmjs.org/@firebase/functions/-/functions-0.13.1.tgz 83628ms (cache miss)
npm http fetch GET 200 https://registry.npmjs.org/postcss/-/postcss-8.5.6.tgz 83247ms (cache miss)
npm http fetch GET 200 https://registry.npmjs.org/jiti/-/jiti-1.21.7.tgz 85432ms (cache miss)
npm http fetch GET 200 https://registry.npmjs.org/@firebase/storage-compat/-/storage-compat-0.4.0.tgz 79879ms (cache miss)
npm http fetch GET 200 https://registry.npmjs.org/@rollup/rollup-darwin-x64/-/rollup-darwin-x64-4.57.1.tgz 86727ms (cache miss)
npm http fetch GET 200 https://registry.npmjs.org/@firebase/app-compat/-/app-compat-0.5.8.tgz 79432ms (cache miss)
npm http fetch GET 200 https://registry.npmjs.org/yargs/-/yargs-17.7.2.tgz 87236ms (cache miss)
npm http fetch GET 200 https://registry.npmjs.org/@babel/generator/-/generator-7.29.1.tgz 86126ms (cache miss)
npm http fetch GET 200 https://registry.npmjs.org/@firebase/analytics/-/analytics-0.10.19.tgz 82098ms (cache miss)
npm http fetch GET 200 https://registry.npmjs.org/fast-glob/-/fast-glob-3.3.3.tgz 88782ms (cache miss)
npm http fetch GET 200 https://registry.npmjs.org/rollup/-/rollup-4.57.1.tgz 90639ms (cache miss)
npm http fetch GET 200 https://registry.npmjs.org/@firebase/app/-/app-0.14.8.tgz 83630ms (cache miss)
npm http fetch GET 200 https://registry.npmjs.org/vite/-/vite-5.4.21.tgz 88171ms (cache miss)
npm http fetch GET 200 https://registry.npmjs.org/@types/node/-/node-25.2.3.tgz 90214ms (cache miss)
npm http fetch GET 200 https://registry.npmjs.org/@babel/traverse/-/traverse-7.29.0.tgz 89226ms (cache miss)
npm http fetch GET 200 https://registry.npmjs.org/@firebase/remote-config/-/remote-config-0.8.0.tgz 85001ms (cache miss)
npm http fetch GET 200 https://registry.npmjs.org/autoprefixer/-/autoprefixer-10.4.24.tgz 88935ms (cache miss)
npm http fetch GET 200 https://registry.npmjs.org/@firebase/performance/-/performance-0.7.9.tgz 84699ms (cache miss)
npm http fetch GET 200 https://registry.npmjs.org/react-dom/-/react-dom-18.3.1.tgz 89400ms (cache miss)
npm http fetch GET 200 https://registry.npmjs.org/@firebase/app-check/-/app-check-0.11.0.tgz 90600ms (cache miss)
npm http fetch GET 200 https://registry.npmjs.org/@firebase/data-connect/-/data-connect-0.3.12.tgz 82988ms (cache miss)
npm http fetch GET 200 https://registry.npmjs.org/protobufjs/-/protobufjs-7.5.4.tgz 92170ms (cache miss)
npm http fetch GET 200 https://registry.npmjs.org/@firebase/installations/-/installations-0.6.19.tgz 86279ms (cache miss)
npm http fetch GET 200 https://registry.npmjs.org/@firebase/auth-compat/-/auth-compat-0.6.2.tgz 77575ms (cache miss)
npm http fetch GET 200 https://registry.npmjs.org/@firebase/firestore-compat/-/firestore-compat-0.4.5.tgz 87061ms (cache miss)
npm http fetch GET 200 https://registry.npmjs.org/@firebase/util/-/util-1.13.0.tgz 93055ms (cache miss)
npm http fetch GET 200 https://registry.npmjs.org/@firebase/database-compat/-/database-compat-2.1.0.tgz 84719ms (cache miss)
npm http fetch GET 200 https://registry.npmjs.org/@babel/core/-/core-7.29.0.tgz 93040ms (cache miss)
npm http fetch GET 200 https://registry.npmjs.org/@firebase/messaging/-/messaging-0.12.23.tgz 86589ms (cache miss)
npm http fetch GET 200 https://registry.npmjs.org/@firebase/storage/-/storage-0.14.0.tgz 86675ms (cache miss)
npm http fetch GET 200 https://registry.npmjs.org/web-vitals/-/web-vitals-4.2.4.tgz 89982ms (cache miss)
npm http fetch GET 200 https://registry.npmjs.org/@esbuild/darwin-x64/-/darwin-x64-0.21.5.tgz 96975ms (cache miss)
npm http fetch GET 200 https://registry.npmjs.org/@firebase/ai/-/ai-2.8.0.tgz 87292ms (cache miss)
npm http fetch GET 200 https://registry.npmjs.org/@babel/types/-/types-7.29.0.tgz 95167ms (cache miss)
npm http fetch GET 200 https://registry.npmjs.org/@babel/helpers/-/helpers-7.28.6.tgz 95301ms (cache miss)
npm http fetch GET 200 https://registry.npmjs.org/sucrase/-/sucrase-3.35.1.tgz 87240ms (cache miss)
npm http fetch GET 200 https://registry.npmjs.org/tailwindcss/-/tailwindcss-3.4.19.tgz 95486ms (cache miss)
npm http fetch GET 200 https://registry.npmjs.org/@firebase/database/-/database-1.1.0.tgz 83583ms (cache miss)
npm http fetch GET 200 https://registry.npmjs.org/@grpc/grpc-js/-/grpc-js-1.9.15.tgz 84841ms (cache miss)
npm http fetch GET 200 https://registry.npmjs.org/caniuse-lite/-/caniuse-lite-1.0.30001770.tgz 99607ms (cache miss)
npm verbose stack Error: EPERM: operation not permitted, scandir '/Users/macbook/NRZONE FACTORY MANEGMENT/node_modules/resolve/test/shadowed_core/node_modules'
npm error code EPERM
npm error syscall scandir
npm error path /Users/macbook/NRZONE FACTORY MANEGMENT/node_modules/resolve/test/shadowed_core/node_modules
npm error errno -1
npm error [Error: EPERM: operation not permitted, scandir '/Users/macbook/NRZONE FACTORY MANEGMENT/node_modules/resolve/test/shadowed_core/node_modules'] {
npm error   errno: -1,
npm error   code: 'EPERM',
npm error   syscall: 'scandir',
npm error   path: '/Users/macbook/NRZONE FACTORY MANEGMENT/node_modules/resolve/test/shadowed_core/node_modules'
npm error }
npm error
npm error The operation was rejected by your operating system.
npm error It is likely you do not have the permissions to access this file as the current user
npm error
npm error If you believe this might be a permissions issue, please double-check the
npm error permissions of the file and its containing directories, or try running
npm error the command again as root/Administrator.
npm verbose cwd /Users/macbook/NRZONE FACTORY MANEGMENT
npm verbose os Darwin 24.6.0
npm verbose node v25.4.0
npm verbose npm  v11.7.0
npm verbose exit -1
npm verbose code -1
npm error A complete log of this run can be found in: /tmp/npm_cache_fresh/_logs/2026-02-18T23_48_38_869Z-debug-0.log
